<?xml version="1.0" encoding="UTF-8"?>
<testsuite xmlns:xsi="http://www.w3.org/2001/XMLSchema-instance" xsi:noNamespaceSchemaLocation="https://maven.apache.org/surefire/maven-surefire-plugin/xsd/surefire-test-report-3.0.xsd" version="3.0" name="runners.RunCucumberTest" time="505.071" tests="18" errors="2" skipped="0" failures="0">
  <properties>
[...]
</properties>
  <testcase name="Successful Registration #1" classname="Customer Registration" time="74.111"/>
  <testcase name="Successful Registration #2" classname="Customer Registration" time="47.22"/>
  <testcase name="Successful Registration #3" classname="Customer Registration" time="66.771"/>
  <testcase name="Login Successful #1" classname="Login Functionality" time="47.638"/>
  <testcase name="Login Successful #2" classname="Login Functionality" time="64.101">
    <error type="org.openqa.selenium.NoSuchElementException"><![CDATA[org.openqa.selenium.NoSuchElementException: 
no such element: Unable to locate element: {"method":"css selector","selector":"input[name$='username']"}
  (Session info: chrome=89.0.4389.128)
For documentation on this error, please visit: https://www.seleniumhq.org/exceptions/no_such_element.html
Build info: version: '3.141.59', revision: 'e82be7d358', time: '2018-11-14T08:17:03'
System info: host: 'DESKTOP-TBSD3T7', ip: '192.168.0.16', os.name: 'Windows 10', os.arch: 'amd64', os.version: '10.0', java.version: '12.0.1'
Driver info: org.openqa.selenium.chrome.ChromeDriver
Capabilities {acceptInsecureCerts: false, browserName: chrome, browserVersion: 89.0.4389.128, chrome: {chromedriverVersion: 89.0.4389.23 (61b08ee2c5002..., userDataDir: C:\Users\KEVINO~1\AppData\L...}, goog:chromeOptions: {debuggerAddress: localhost:58943}, javascriptEnabled: true, networkConnectionEnabled: false, pageLoadStrategy: normal, platform: WINDOWS, platformName: WINDOWS, proxy: Proxy(), setWindowRect: true, strictFileInteractability: false, timeouts: {implicit: 0, pageLoad: 300000, script: 30000}, unhandledPromptBehavior: dismiss and notify, webauthn:extension:largeBlob: true, webauthn:virtualAuthenticators: true}
Session ID: 181baa9bca7f3cf9b0b224733c7f2930
*** Element info: {Using=css selector, value=input[name$='username']}
]]></error>
    <system-out><![CDATA[
@Test2
Scenario Outline: Login Successful                                          &amp#27;[90m# src/test/java/resources/feature/File2/Login.feature:19&amp#27;[0m
  &amp#27;[32mGiven &amp#27;[0m&amp#27;[32mI am in the login page of the para bank web application&amp#27;[0m             &amp#27;[90m# resources.StepDefinitions.LoginSteps.i_am_in_the_login_page_of_the_para_bank_web_application()&amp#27;[0m
  &amp#27;[31mWhen &amp#27;[0m&amp#27;[31mI enter a valid &amp#27;[0m&amp#27;[31m&amp#27;[1mautotester2&amp#27;[0m&amp#27;[31m and &amp#27;[0m&amp#27;[31m&amp#27;[1mpassword2&amp#27;[0m&amp#27;[31m with &amp#27;[0m&amp#27;[31m&amp#27;[1mWelcome Auto Tester 2&amp#27;[0m &amp#27;[90m# resources.StepDefinitions.LoginSteps.i_enter_a_valid_username_and_password(java.lang.String,java.lang.String,java.lang.String)&amp#27;[0m
      &amp#27;[31morg.openqa.selenium.NoSuchElementException: no such element: Unable to locate element: {"method":"css selector","selector":"input[name$='username']"}
  (Session info: chrome=89.0.4389.128)
For documentation on this error, please visit: https://www.seleniumhq.org/exceptions/no_such_element.html
Build info: version: '3.141.59', revision: 'e82be7d358', time: '2018-11-14T08:17:03'
System info: host: 'DESKTOP-TBSD3T7', ip: '192.168.0.16', os.name: 'Windows 10', os.arch: 'amd64', os.version: '10.0', java.version: '12.0.1'
Driver info: org.openqa.selenium.chrome.ChromeDriver
Capabilities {acceptInsecureCerts: false, browserName: chrome, browserVersion: 89.0.4389.128, chrome: {chromedriverVersion: 89.0.4389.23 (61b08ee2c5002..., userDataDir: C:\Users\KEVINO~1\AppData\L...}, goog:chromeOptions: {debuggerAddress: localhost:58943}, javascriptEnabled: true, networkConnectionEnabled: false, pageLoadStrategy: normal, platform: WINDOWS, platformName: WINDOWS, proxy: Proxy(), setWindowRect: true, strictFileInteractability: false, timeouts: {implicit: 0, pageLoad: 300000, script: 30000}, unhandledPromptBehavior: dismiss and notify, webauthn:extension:largeBlob: true, webauthn:virtualAuthenticators: true}
Session ID: 181baa9bca7f3cf9b0b224733c7f2930
*** Element info: {Using=css selector, value=input[name$='username']}
	at java.base/jdk.internal.reflect.NativeConstructorAccessorImpl.newInstance0(Native Method)
	at java.base/jdk.internal.reflect.NativeConstructorAccessorImpl.newInstance(NativeConstructorAccessorImpl.java:62)
	at java.base/jdk.internal.reflect.DelegatingConstructorAccessorImpl.newInstance(DelegatingConstructorAccessorImpl.java:45)
	at java.base/java.lang.reflect.Constructor.newInstanceWithCaller(Constructor.java:500)
	at java.base/java.lang.reflect.Constructor.newInstance(Constructor.java:481)
	at org.openqa.selenium.remote.http.W3CHttpResponseCodec.createException(W3CHttpResponseCodec.java:187)
	at org.openqa.selenium.remote.http.W3CHttpResponseCodec.decode(W3CHttpResponseCodec.java:122)
	at org.openqa.selenium.remote.http.W3CHttpResponseCodec.decode(W3CHttpResponseCodec.java:49)
	at org.openqa.selenium.remote.HttpCommandExecutor.execute(HttpCommandExecutor.java:158)
	at org.openqa.selenium.remote.service.DriverCommandExecutor.execute(DriverCommandExecutor.java:83)
	at org.openqa.selenium.remote.RemoteWebDriver.execute(RemoteWebDriver.java:552)
	at org.openqa.selenium.remote.RemoteWebDriver.findElement(RemoteWebDriver.java:323)
	at org.openqa.selenium.remote.RemoteWebDriver.findElementByCssSelector(RemoteWebDriver.java:420)
	at org.openqa.selenium.By$ByCssSelector.findElement(By.java:431)
	at org.openqa.selenium.remote.RemoteWebDriver.findElement(RemoteWebDriver.java:315)
	at org.openqa.selenium.support.pagefactory.DefaultElementLocator.findElement(DefaultElementLocator.java:69)
	at org.openqa.selenium.support.pagefactory.internal.LocatingElementHandler.invoke(LocatingElementHandler.java:38)
	at com.sun.proxy.$Proxy34.sendKeys(Unknown Source)
	at BasePage.BaseActions.enter(BaseActions.java:37)
	at PageObjects.LoginPage.enterCustomerUsername(LoginPage.java:32)
	at resources.StepDefinitions.LoginSteps.i_enter_a_valid_username_and_password(LoginSteps.java:53)
	at âœ½.I enter a valid autotester2 and password2 with Welcome Auto Tester 2(file:///C:/Users/kevinogaga/gitHub/E2EBankingApplicationBDDTest/src/test/java/resources/feature/File2/Login.feature:11)
&amp#27;[0m
  &amp#27;[36mWhen &amp#27;[0m&amp#27;[36mI click Log in&amp#27;[0m                                                       &amp#27;[90m# resources.StepDefinitions.LoginSteps.i_click_log_in()&amp#27;[0m
  &amp#27;[36mAnd &amp#27;[0m&amp#27;[36mI should be taken to the Overview page&amp#27;[0m                                &amp#27;[90m# resources.StepDefinitions.LoginSteps.i_should_be_taken_to_the_overview_page()&amp#27;[0m

    Embedding file:///C:/Users/kevinogaga/gitHub/E2EBankingApplicationBDDTest/src/test/java/resources/feature/File2/Login.feature [image/png 25908 bytes]

]]></system-out>
    <system-err><![CDATA[Starting ChromeDriver 89.0.4389.23 (61b08ee2c50024bab004e48d2b1b083cdbdac579-refs/branch-heads/4389@{#294}) on port 9462
Only local connections are allowed.
Please see https://chromedriver.chromium.org/security-considerations for suggestions on keeping ChromeDriver safe.
ChromeDriver was started successfully.
Apr 18, 2021 7:43:44 PM org.openqa.selenium.remote.ProtocolHandshake createSession
INFO: Detected dialect: W3C
]]></system-err>
  </testcase>
  <testcase name="Login Successful #3" classname="Login Functionality" time="63.979">
    <error type="org.openqa.selenium.NoSuchElementException"><![CDATA[org.openqa.selenium.NoSuchElementException: 
no such element: Unable to locate element: {"method":"css selector","selector":"input[name$='username']"}
  (Session info: chrome=89.0.4389.128)
For documentation on this error, please visit: https://www.seleniumhq.org/exceptions/no_such_element.html
Build info: version: '3.141.59', revision: 'e82be7d358', time: '2018-11-14T08:17:03'
System info: host: 'DESKTOP-TBSD3T7', ip: '192.168.0.16', os.name: 'Windows 10', os.arch: 'amd64', os.version: '10.0', java.version: '12.0.1'
Driver info: org.openqa.selenium.chrome.ChromeDriver
Capabilities {acceptInsecureCerts: false, browserName: chrome, browserVersion: 89.0.4389.128, chrome: {chromedriverVersion: 89.0.4389.23 (61b08ee2c5002..., userDataDir: C:\Users\KEVINO~1\AppData\L...}, goog:chromeOptions: {debuggerAddress: localhost:59136}, javascriptEnabled: true, networkConnectionEnabled: false, pageLoadStrategy: normal, platform: WINDOWS, platformName: WINDOWS, proxy: Proxy(), setWindowRect: true, strictFileInteractability: false, timeouts: {implicit: 0, pageLoad: 300000, script: 30000}, unhandledPromptBehavior: dismiss and notify, webauthn:extension:largeBlob: true, webauthn:virtualAuthenticators: true}
Session ID: 713ce049d5c7a0100fb7f98e12fc7c64
*** Element info: {Using=css selector, value=input[name$='username']}
]]></error>
    <system-out><![CDATA[
@Test2
Scenario Outline: Login Successful                                           &amp#27;[90m# src/test/java/resources/feature/File2/Login.feature:20&amp#27;[0m
  &amp#27;[32mGiven &amp#27;[0m&amp#27;[32mI am in the login page of the para bank web application&amp#27;[0m              &amp#27;[90m# resources.StepDefinitions.LoginSteps.i_am_in_the_login_page_of_the_para_bank_web_application()&amp#27;[0m
  &amp#27;[31mWhen &amp#27;[0m&amp#27;[31mI enter a valid &amp#27;[0m&amp#27;[31m&amp#27;[1mtaunewtester&amp#27;[0m&amp#27;[31m and &amp#27;[0m&amp#27;[31m&amp#27;[1mpassword&amp#27;[0m&amp#27;[31m with &amp#27;[0m&amp#27;[31m&amp#27;[1mWelcome Tau New Tester&amp#27;[0m &amp#27;[90m# resources.StepDefinitions.LoginSteps.i_enter_a_valid_username_and_password(java.lang.String,java.lang.String,java.lang.String)&amp#27;[0m
      &amp#27;[31morg.openqa.selenium.NoSuchElementException: no such element: Unable to locate element: {"method":"css selector","selector":"input[name$='username']"}
  (Session info: chrome=89.0.4389.128)
For documentation on this error, please visit: https://www.seleniumhq.org/exceptions/no_such_element.html
Build info: version: '3.141.59', revision: 'e82be7d358', time: '2018-11-14T08:17:03'
System info: host: 'DESKTOP-TBSD3T7', ip: '192.168.0.16', os.name: 'Windows 10', os.arch: 'amd64', os.version: '10.0', java.version: '12.0.1'
Driver info: org.openqa.selenium.chrome.ChromeDriver
Capabilities {acceptInsecureCerts: false, browserName: chrome, browserVersion: 89.0.4389.128, chrome: {chromedriverVersion: 89.0.4389.23 (61b08ee2c5002..., userDataDir: C:\Users\KEVINO~1\AppData\L...}, goog:chromeOptions: {debuggerAddress: localhost:59136}, javascriptEnabled: true, networkConnectionEnabled: false, pageLoadStrategy: normal, platform: WINDOWS, platformName: WINDOWS, proxy: Proxy(), setWindowRect: true, strictFileInteractability: false, timeouts: {implicit: 0, pageLoad: 300000, script: 30000}, unhandledPromptBehavior: dismiss and notify, webauthn:extension:largeBlob: true, webauthn:virtualAuthenticators: true}
Session ID: 713ce049d5c7a0100fb7f98e12fc7c64
*** Element info: {Using=css selector, value=input[name$='username']}
	at java.base/jdk.internal.reflect.NativeConstructorAccessorImpl.newInstance0(Native Method)
	at java.base/jdk.internal.reflect.NativeConstructorAccessorImpl.newInstance(NativeConstructorAccessorImpl.java:62)
	at java.base/jdk.internal.reflect.DelegatingConstructorAccessorImpl.newInstance(DelegatingConstructorAccessorImpl.java:45)
	at java.base/java.lang.reflect.Constructor.newInstanceWithCaller(Constructor.java:500)
	at java.base/java.lang.reflect.Constructor.newInstance(Constructor.java:481)
	at org.openqa.selenium.remote.http.W3CHttpResponseCodec.createException(W3CHttpResponseCodec.java:187)
	at org.openqa.selenium.remote.http.W3CHttpResponseCodec.decode(W3CHttpResponseCodec.java:122)
	at org.openqa.selenium.remote.http.W3CHttpResponseCodec.decode(W3CHttpResponseCodec.java:49)
	at org.openqa.selenium.remote.HttpCommandExecutor.execute(HttpCommandExecutor.java:158)
	at org.openqa.selenium.remote.service.DriverCommandExecutor.execute(DriverCommandExecutor.java:83)
	at org.openqa.selenium.remote.RemoteWebDriver.execute(RemoteWebDriver.java:552)
	at org.openqa.selenium.remote.RemoteWebDriver.findElement(RemoteWebDriver.java:323)
	at org.openqa.selenium.remote.RemoteWebDriver.findElementByCssSelector(RemoteWebDriver.java:420)
	at org.openqa.selenium.By$ByCssSelector.findElement(By.java:431)
	at org.openqa.selenium.remote.RemoteWebDriver.findElement(RemoteWebDriver.java:315)
	at org.openqa.selenium.support.pagefactory.DefaultElementLocator.findElement(DefaultElementLocator.java:69)
	at org.openqa.selenium.support.pagefactory.internal.LocatingElementHandler.invoke(LocatingElementHandler.java:38)
	at com.sun.proxy.$Proxy34.sendKeys(Unknown Source)
	at BasePage.BaseActions.enter(BaseActions.java:37)
	at PageObjects.LoginPage.enterCustomerUsername(LoginPage.java:32)
	at resources.StepDefinitions.LoginSteps.i_enter_a_valid_username_and_password(LoginSteps.java:53)
	at âœ½.I enter a valid taunewtester and password with Welcome Tau New Tester(file:///C:/Users/kevinogaga/gitHub/E2EBankingApplicationBDDTest/src/test/java/resources/feature/File2/Login.feature:11)
&amp#27;[0m
  &amp#27;[36mWhen &amp#27;[0m&amp#27;[36mI click Log in&amp#27;[0m                                                        &amp#27;[90m# resources.StepDefinitions.LoginSteps.i_click_log_in()&amp#27;[0m
  &amp#27;[36mAnd &amp#27;[0m&amp#27;[36mI should be taken to the Overview page&amp#27;[0m                                 &amp#27;[90m# resources.StepDefinitions.LoginSteps.i_should_be_taken_to_the_overview_page()&amp#27;[0m

    Embedding file:///C:/Users/kevinogaga/gitHub/E2EBankingApplicationBDDTest/src/test/java/resources/feature/File2/Login.feature [image/png 25908 bytes]

]]></system-out>
    <system-err><![CDATA[Starting ChromeDriver 89.0.4389.23 (61b08ee2c50024bab004e48d2b1b083cdbdac579-refs/branch-heads/4389@{#294}) on port 3648
Only local connections are allowed.
Please see https://chromedriver.chromium.org/security-considerations for suggestions on keeping ChromeDriver safe.
ChromeDriver was started successfully.
Apr 18, 2021 7:44:48 PM org.openqa.selenium.remote.ProtocolHandshake createSession
INFO: Detected dialect: W3C
]]></system-err>
  </testcase>
  <testcase name="Request a Loan Successfully #1" classname="Request Loan Functionality" time="13.479"/>
  <testcase name="Request a Loan Successfully #2" classname="Request Loan Functionality" time="9.516"/>
  <testcase name="Request a Loan Successfully #3" classname="Request Loan Functionality" time="9.605"/>
  <testcase name="Open a new account successfully #1" classname="Open a New Account Functionality" time="13.97"/>
  <testcase name="Open a new account successfully #2" classname="Open a New Account Functionality" time="13.188"/>
  <testcase name="Open a new account successfully #3" classname="Open a New Account Functionality" time="13.848"/>
  <testcase name="Transfer funds successfully #1" classname="Transfer Funds Functionality" time="11.125"/>
  <testcase name="Transfer funds successfully #2" classname="Transfer Funds Functionality" time="11.003"/>
  <testcase name="Transfer funds successfully #3" classname="Transfer Funds Functionality" time="11.617"/>
  <testcase name="Pay Bill successfully #1" classname="Bill Pay Functionality" time="13.677"/>
  <testcase name="Pay Bill successfully #2" classname="Bill Pay Functionality" time="10.493"/>
  <testcase name="Pay Bill successfully #3" classname="Bill Pay Functionality" time="9.309"/>
</testsuite>