<?xml version="1.0" encoding="UTF-8"?>
<testsuite xmlns:xsi="http://www.w3.org/2001/XMLSchema-instance" xsi:noNamespaceSchemaLocation="https://maven.apache.org/surefire/maven-surefire-plugin/xsd/surefire-test-report-3.0.xsd" version="3.0" name="runners.RunCucumberTest" time="295.378" tests="18" errors="0" skipped="0" failures="1">
  <properties>
[...]
</properties>
  <testcase name="Successful Registration #1" classname="Customer Registration" time="24.069"/>
  <testcase name="Successful Registration #2" classname="Customer Registration" time="14.327"/>
  <testcase name="Successful Registration #3" classname="Customer Registration" time="14.175"/>
  <testcase name="Login Successful #1" classname="Login Functionality" time="12.721"/>
  <testcase name="Login Successful #2" classname="Login Functionality" time="14.186"/>
  <testcase name="Login Successful #3" classname="Login Functionality" time="13.881"/>
  <testcase name="Request a Loan Successfully #1" classname="Request Loan Functionality" time="15.244"/>
  <testcase name="Request a Loan Successfully #2" classname="Request Loan Functionality" time="14.901"/>
  <testcase name="Request a Loan Successfully #3" classname="Request Loan Functionality" time="15.404"/>
  <testcase name="Open a new account successfully #1" classname="Open a New Account Functionality" time="19.772"/>
  <testcase name="Open a new account successfully #2" classname="Open a New Account Functionality" time="26.145">
    <failure type="org.junit.ComparisonFailure"><![CDATA[org.junit.ComparisonFailure: Actual account ID is different from expected account number. Please check and try again expected:<[16785]> but was:<[]>
]]></failure>
    <system-out><![CDATA[
@Test4
Scenario Outline: Open a new account successfully                         &amp#27;[90m# src/test/java/resources/feature/File4/OpanAnAccount.feature:23&amp#27;[0m
  &amp#27;[32mGiven &amp#27;[0m&amp#27;[32mI am logged into para bank with a valid &amp#27;[0m&amp#27;[32m&amp#27;[1mautotester2&amp#27;[0m&amp#27;[32m and &amp#27;[0m&amp#27;[32m&amp#27;[1mpassword2&amp#27;[0m &amp#27;[90m# resources.StepDefinitions.OpenAnNewAccountSteps.i_am_logged_into_para_bank_with_a_valid_and(java.lang.String,java.lang.String)&amp#27;[0m
  &amp#27;[32mThen &amp#27;[0m&amp#27;[32mI navigate to the open new account page&amp#27;[0m                            &amp#27;[90m# resources.StepDefinitions.OpenAnNewAccountSteps.i_navigate_to_the_open_new_account_page()&amp#27;[0m
  &amp#27;[32mAnd &amp#27;[0m&amp#27;[32mI select the required account information&amp#27;[0m                           &amp#27;[90m# resources.StepDefinitions.OpenAnNewAccountSteps.i_select_the_required_account_information()&amp#27;[0m
  &amp#27;[32mAnd &amp#27;[0m&amp#27;[32mI click on open new account&amp#27;[0m                                         &amp#27;[90m# resources.StepDefinitions.OpenAnNewAccountSteps.i_click_on_open_new_account()&amp#27;[0m
  &amp#27;[32mThen &amp#27;[0m&amp#27;[32mI am taken to account confirmation page&amp#27;[0m                            &amp#27;[90m# resources.StepDefinitions.OpenAnNewAccountSteps.i_am_taken_to_account_confirmation_page()&amp#27;[0m
  &amp#27;[32mWhen &amp#27;[0m&amp#27;[32mI click account number&amp#27;[0m                                             &amp#27;[90m# resources.StepDefinitions.OpenAnNewAccountSteps.i_click_account_number()&amp#27;[0m
  &amp#27;[31mThen &amp#27;[0m&amp#27;[31mI should be taken account details page&amp#27;[0m                             &amp#27;[90m# resources.StepDefinitions.OpenAnNewAccountSteps.i_should_be_taken_account_details_page()&amp#27;[0m
      &amp#27;[31morg.junit.ComparisonFailure: Actual account ID is different from expected account number. Please check and try again expected:<[16785]> but was:<[]>
	at org.junit.Assert.assertEquals(Assert.java:117)
	at resources.StepDefinitions.OpenAnNewAccountSteps.i_should_be_taken_account_details_page(OpenAnNewAccountSteps.java:127)
	at âœ½.I should be taken account details page(file:///C:/Users/kevinogaga/gitHub/E2EBankingApplicationBDDTest/src/test/java/resources/feature/File4/OpanAnAccount.feature:18)
&amp#27;[0m

    Embedding file:///C:/Users/kevinogaga/gitHub/E2EBankingApplicationBDDTest/src/test/java/resources/feature/File4/OpanAnAccount.feature [image/png 133471 bytes]

]]></system-out>
    <system-err><![CDATA[Starting ChromeDriver 87.0.4280.88 (89e2380a3e36c3464b5dd1302349b1382549290d-refs/branch-heads/4280@{#1761}) on port 26494
Only local connections are allowed.
Please see https://chromedriver.chromium.org/security-considerations for suggestions on keeping ChromeDriver safe.
ChromeDriver was started successfully.
[1614981137.932][WARNING]: This version of ChromeDriver has not been tested with Chrome version 88.
Mar 05, 2021 9:52:20 PM org.openqa.selenium.remote.ProtocolHandshake createSession
INFO: Detected dialect: W3C
]]></system-err>
  </testcase>
  <testcase name="Open a new account successfully #3" classname="Open a New Account Functionality" time="18.549"/>
  <testcase name="Transfer funds successfully #1" classname="Transfer Funds Functionality" time="15.634"/>
  <testcase name="Transfer funds successfully #2" classname="Transfer Funds Functionality" time="14.673"/>
  <testcase name="Transfer funds successfully #3" classname="Transfer Funds Functionality" time="16.067"/>
  <testcase name="Pay Bill successfully #1" classname="Bill Pay Functionality" time="14.361"/>
  <testcase name="Pay Bill successfully #2" classname="Bill Pay Functionality" time="15.422"/>
  <testcase name="Pay Bill successfully #3" classname="Bill Pay Functionality" time="15.219"/>
</testsuite>