[
  {
    "line": 1,
    "elements": [
      {
        "start_timestamp": "2021-01-25T19:48:10.931Z",
        "before": [
          {
            "result": {
              "duration": 8469083700,
              "status": "passed"
            },
            "match": {
              "location": "resources.StepDefinitions.RegistrationSteps.initialiseWebdriver()"
            }
          }
        ],
        "line": 22,
        "name": "Successful Registration",
        "description": "",
        "id": "customer-registration;successful-registration;;2",
        "after": [
          {
            "result": {
              "duration": 437850600,
              "status": "passed"
            },
            "match": {
              "location": "resources.StepDefinitions.RegistrationSteps.tearDown()"
            }
          }
        ],
        "type": "scenario",
        "keyword": "Scenario Outline",
        "steps": [
          {
            "result": {
              "duration": 3160302900,
              "status": "passed"
            },
            "line": 10,
            "name": "I navigate to para bank web application",
            "match": {
              "location": "resources.StepDefinitions.RegistrationSteps.i_navigate_to_para_bank_web_application()"
            },
            "keyword": "Given "
          },
          {
            "result": {
              "duration": 792435300,
              "status": "passed"
            },
            "line": 11,
            "name": "I click on register link",
            "match": {
              "location": "resources.StepDefinitions.RegistrationSteps.i_click_on_register_link()"
            },
            "keyword": "When "
          },
          {
            "result": {
              "duration": 563256900,
              "status": "passed"
            },
            "line": 12,
            "name": "I enter my Auto , Tester and autotester ,password",
            "match": {
              "arguments": [
                {
                  "val": "Auto",
                  "offset": 11
                },
                {
                  "val": "Tester",
                  "offset": 18
                },
                {
                  "val": "autotester",
                  "offset": 29
                },
                {
                  "val": "password",
                  "offset": 41
                }
              ],
              "location": "resources.StepDefinitions.RegistrationSteps.i_enter_my(java.lang.String,java.lang.String,java.lang.String,java.lang.String)"
            },
            "keyword": "Then "
          },
          {
            "result": {
              "duration": 462870700,
              "status": "passed"
            },
            "line": 13,
            "name": "I enter my street, city, state, zipcode and security security number",
            "match": {
              "location": "resources.StepDefinitions.RegistrationSteps.i_enter_my_street_city_state_and_zipcode(io.cucumber.datatable.DataTable)"
            },
            "rows": [
              {
                "cells": [
                  "Putney High Road",
                  "Putney",
                  "London",
                  "135647",
                  "2454748484"
                ]
              }
            ],
            "keyword": "And "
          },
          {
            "result": {
              "duration": 503403100,
              "status": "passed"
            },
            "line": 15,
            "name": "I click on register button",
            "match": {
              "location": "resources.StepDefinitions.RegistrationSteps.i_click_on_register_button()"
            },
            "keyword": "And "
          },
          {
            "result": {
              "error_message": "org.openqa.selenium.NoSuchElementException: no such element: Unable to locate element: {\"method\":\"link text\",\"selector\":\"Log Out\"}\n  (Session info: chrome\u003d87.0.4280.141)\nFor documentation on this error, please visit: https://www.seleniumhq.org/exceptions/no_such_element.html\nBuild info: version: \u00273.141.59\u0027, revision: \u0027e82be7d358\u0027, time: \u00272018-11-14T08:17:03\u0027\nSystem info: host: \u0027DESKTOP-TBSD3T7\u0027, ip: \u0027192.168.0.16\u0027, os.name: \u0027Windows 10\u0027, os.arch: \u0027amd64\u0027, os.version: \u002710.0\u0027, java.version: \u002712.0.1\u0027\nDriver info: org.openqa.selenium.chrome.ChromeDriver\nCapabilities {acceptInsecureCerts: false, browserName: chrome, browserVersion: 87.0.4280.141, chrome: {chromedriverVersion: 87.0.4280.88 (89e2380a3e36c..., userDataDir: C:\\Users\\KEVINO~1\\AppData\\L...}, goog:chromeOptions: {debuggerAddress: localhost:52147}, javascriptEnabled: true, networkConnectionEnabled: false, pageLoadStrategy: normal, platform: WINDOWS, platformName: WINDOWS, proxy: Proxy(), setWindowRect: true, strictFileInteractability: false, timeouts: {implicit: 0, pageLoad: 300000, script: 30000}, unhandledPromptBehavior: dismiss and notify, webauthn:virtualAuthenticators: true}\nSession ID: 62909c620aa284568767a8c6184f1423\n*** Element info: {Using\u003dlink text, value\u003dLog Out}\r\n\tat java.base/jdk.internal.reflect.NativeConstructorAccessorImpl.newInstance0(Native Method)\r\n\tat java.base/jdk.internal.reflect.NativeConstructorAccessorImpl.newInstance(NativeConstructorAccessorImpl.java:62)\r\n\tat java.base/jdk.internal.reflect.DelegatingConstructorAccessorImpl.newInstance(DelegatingConstructorAccessorImpl.java:45)\r\n\tat java.base/java.lang.reflect.Constructor.newInstanceWithCaller(Constructor.java:500)\r\n\tat java.base/java.lang.reflect.Constructor.newInstance(Constructor.java:481)\r\n\tat org.openqa.selenium.remote.http.W3CHttpResponseCodec.createException(W3CHttpResponseCodec.java:187)\r\n\tat org.openqa.selenium.remote.http.W3CHttpResponseCodec.decode(W3CHttpResponseCodec.java:122)\r\n\tat org.openqa.selenium.remote.http.W3CHttpResponseCodec.decode(W3CHttpResponseCodec.java:49)\r\n\tat org.openqa.selenium.remote.HttpCommandExecutor.execute(HttpCommandExecutor.java:158)\r\n\tat org.openqa.selenium.remote.service.DriverCommandExecutor.execute(DriverCommandExecutor.java:83)\r\n\tat org.openqa.selenium.remote.RemoteWebDriver.execute(RemoteWebDriver.java:552)\r\n\tat org.openqa.selenium.remote.RemoteWebDriver.findElement(RemoteWebDriver.java:323)\r\n\tat org.openqa.selenium.remote.RemoteWebDriver.findElementByLinkText(RemoteWebDriver.java:380)\r\n\tat org.openqa.selenium.By$ByLinkText.findElement(By.java:220)\r\n\tat org.openqa.selenium.remote.RemoteWebDriver.findElement(RemoteWebDriver.java:315)\r\n\tat org.openqa.selenium.support.pagefactory.DefaultElementLocator.findElement(DefaultElementLocator.java:69)\r\n\tat org.openqa.selenium.support.pagefactory.internal.LocatingElementHandler.invoke(LocatingElementHandler.java:38)\r\n\tat com.sun.proxy.$Proxy20.click(Unknown Source)\r\n\tat PageObjects.RegistrationPage.loginOut(RegistrationPage.java:104)\r\n\tat resources.StepDefinitions.RegistrationSteps.i_should_be_logged_in(RegistrationSteps.java:80)\r\n\tat ✽.I should be logged in(file:///C:/Users/kevinogaga/gitHub/E2EBankingApplicationBDDTest/src/test/java/resources/feature/File1/Registration.feature:16)\r\n",
              "duration": 30185378500,
              "status": "failed"
            },
            "line": 16,
            "name": "I should be logged in",
            "match": {
              "location": "resources.StepDefinitions.RegistrationSteps.i_should_be_logged_in()"
            },
            "keyword": "Then "
          }
        ],
        "tags": [
          {
            "name": "@Test1"
          }
        ]
      },
      {
        "start_timestamp": "2021-01-25T19:48:55.664Z",
        "before": [
          {
            "result": {
              "duration": 6920752900,
              "status": "passed"
            },
            "match": {
              "location": "resources.StepDefinitions.RegistrationSteps.initialiseWebdriver()"
            }
          }
        ],
        "line": 23,
        "name": "Successful Registration",
        "description": "",
        "id": "customer-registration;successful-registration;;3",
        "after": [
          {
            "result": {
              "duration": 244392200,
              "status": "passed"
            },
            "match": {
              "location": "resources.StepDefinitions.RegistrationSteps.tearDown()"
            }
          }
        ],
        "type": "scenario",
        "keyword": "Scenario Outline",
        "steps": [
          {
            "result": {
              "duration": 2902861000,
              "status": "passed"
            },
            "line": 10,
            "name": "I navigate to para bank web application",
            "match": {
              "location": "resources.StepDefinitions.RegistrationSteps.i_navigate_to_para_bank_web_application()"
            },
            "keyword": "Given "
          },
          {
            "result": {
              "duration": 1130917300,
              "status": "passed"
            },
            "line": 11,
            "name": "I click on register link",
            "match": {
              "location": "resources.StepDefinitions.RegistrationSteps.i_click_on_register_link()"
            },
            "keyword": "When "
          },
          {
            "result": {
              "duration": 550533000,
              "status": "passed"
            },
            "line": 12,
            "name": "I enter my Auto , Tester 2 and autotester2 ,password2",
            "match": {
              "arguments": [
                {
                  "val": "Auto",
                  "offset": 11
                },
                {
                  "val": "Tester 2",
                  "offset": 18
                },
                {
                  "val": "autotester2",
                  "offset": 31
                },
                {
                  "val": "password2",
                  "offset": 44
                }
              ],
              "location": "resources.StepDefinitions.RegistrationSteps.i_enter_my(java.lang.String,java.lang.String,java.lang.String,java.lang.String)"
            },
            "keyword": "Then "
          },
          {
            "result": {
              "duration": 582954400,
              "status": "passed"
            },
            "line": 13,
            "name": "I enter my street, city, state, zipcode and security security number",
            "match": {
              "location": "resources.StepDefinitions.RegistrationSteps.i_enter_my_street_city_state_and_zipcode(io.cucumber.datatable.DataTable)"
            },
            "rows": [
              {
                "cells": [
                  "Putney High Road",
                  "Putney",
                  "London",
                  "135647",
                  "2454748484"
                ]
              }
            ],
            "keyword": "And "
          },
          {
            "result": {
              "duration": 446320600,
              "status": "passed"
            },
            "line": 15,
            "name": "I click on register button",
            "match": {
              "location": "resources.StepDefinitions.RegistrationSteps.i_click_on_register_button()"
            },
            "keyword": "And "
          },
          {
            "result": {
              "error_message": "org.openqa.selenium.NoSuchElementException: no such element: Unable to locate element: {\"method\":\"link text\",\"selector\":\"Log Out\"}\n  (Session info: chrome\u003d87.0.4280.141)\nFor documentation on this error, please visit: https://www.seleniumhq.org/exceptions/no_such_element.html\nBuild info: version: \u00273.141.59\u0027, revision: \u0027e82be7d358\u0027, time: \u00272018-11-14T08:17:03\u0027\nSystem info: host: \u0027DESKTOP-TBSD3T7\u0027, ip: \u0027192.168.0.16\u0027, os.name: \u0027Windows 10\u0027, os.arch: \u0027amd64\u0027, os.version: \u002710.0\u0027, java.version: \u002712.0.1\u0027\nDriver info: org.openqa.selenium.chrome.ChromeDriver\nCapabilities {acceptInsecureCerts: false, browserName: chrome, browserVersion: 87.0.4280.141, chrome: {chromedriverVersion: 87.0.4280.88 (89e2380a3e36c..., userDataDir: C:\\Users\\KEVINO~1\\AppData\\L...}, goog:chromeOptions: {debuggerAddress: localhost:52359}, javascriptEnabled: true, networkConnectionEnabled: false, pageLoadStrategy: normal, platform: WINDOWS, platformName: WINDOWS, proxy: Proxy(), setWindowRect: true, strictFileInteractability: false, timeouts: {implicit: 0, pageLoad: 300000, script: 30000}, unhandledPromptBehavior: dismiss and notify, webauthn:virtualAuthenticators: true}\nSession ID: d2c5ddf5399c0ec4a5a00146b9170e4a\n*** Element info: {Using\u003dlink text, value\u003dLog Out}\r\n\tat java.base/jdk.internal.reflect.NativeConstructorAccessorImpl.newInstance0(Native Method)\r\n\tat java.base/jdk.internal.reflect.NativeConstructorAccessorImpl.newInstance(NativeConstructorAccessorImpl.java:62)\r\n\tat java.base/jdk.internal.reflect.DelegatingConstructorAccessorImpl.newInstance(DelegatingConstructorAccessorImpl.java:45)\r\n\tat java.base/java.lang.reflect.Constructor.newInstanceWithCaller(Constructor.java:500)\r\n\tat java.base/java.lang.reflect.Constructor.newInstance(Constructor.java:481)\r\n\tat org.openqa.selenium.remote.http.W3CHttpResponseCodec.createException(W3CHttpResponseCodec.java:187)\r\n\tat org.openqa.selenium.remote.http.W3CHttpResponseCodec.decode(W3CHttpResponseCodec.java:122)\r\n\tat org.openqa.selenium.remote.http.W3CHttpResponseCodec.decode(W3CHttpResponseCodec.java:49)\r\n\tat org.openqa.selenium.remote.HttpCommandExecutor.execute(HttpCommandExecutor.java:158)\r\n\tat org.openqa.selenium.remote.service.DriverCommandExecutor.execute(DriverCommandExecutor.java:83)\r\n\tat org.openqa.selenium.remote.RemoteWebDriver.execute(RemoteWebDriver.java:552)\r\n\tat org.openqa.selenium.remote.RemoteWebDriver.findElement(RemoteWebDriver.java:323)\r\n\tat org.openqa.selenium.remote.RemoteWebDriver.findElementByLinkText(RemoteWebDriver.java:380)\r\n\tat org.openqa.selenium.By$ByLinkText.findElement(By.java:220)\r\n\tat org.openqa.selenium.remote.RemoteWebDriver.findElement(RemoteWebDriver.java:315)\r\n\tat org.openqa.selenium.support.pagefactory.DefaultElementLocator.findElement(DefaultElementLocator.java:69)\r\n\tat org.openqa.selenium.support.pagefactory.internal.LocatingElementHandler.invoke(LocatingElementHandler.java:38)\r\n\tat com.sun.proxy.$Proxy20.click(Unknown Source)\r\n\tat PageObjects.RegistrationPage.loginOut(RegistrationPage.java:104)\r\n\tat resources.StepDefinitions.RegistrationSteps.i_should_be_logged_in(RegistrationSteps.java:80)\r\n\tat ✽.I should be logged in(file:///C:/Users/kevinogaga/gitHub/E2EBankingApplicationBDDTest/src/test/java/resources/feature/File1/Registration.feature:16)\r\n",
              "duration": 30204070800,
              "status": "failed"
            },
            "line": 16,
            "name": "I should be logged in",
            "match": {
              "location": "resources.StepDefinitions.RegistrationSteps.i_should_be_logged_in()"
            },
            "keyword": "Then "
          }
        ],
        "tags": [
          {
            "name": "@Test1"
          }
        ]
      },
      {
        "start_timestamp": "2021-01-25T19:49:38.668Z",
        "before": [
          {
            "result": {
              "duration": 6671057300,
              "status": "passed"
            },
            "match": {
              "location": "resources.StepDefinitions.RegistrationSteps.initialiseWebdriver()"
            }
          }
        ],
        "line": 24,
        "name": "Successful Registration",
        "description": "",
        "id": "customer-registration;successful-registration;;4",
        "after": [
          {
            "result": {
              "duration": 108708400,
              "status": "passed"
            },
            "match": {
              "location": "resources.StepDefinitions.RegistrationSteps.tearDown()"
            }
          }
        ],
        "type": "scenario",
        "keyword": "Scenario Outline",
        "steps": [
          {
            "result": {
              "duration": 3781379600,
              "status": "passed"
            },
            "line": 10,
            "name": "I navigate to para bank web application",
            "match": {
              "location": "resources.StepDefinitions.RegistrationSteps.i_navigate_to_para_bank_web_application()"
            },
            "keyword": "Given "
          },
          {
            "result": {
              "duration": 5200765800,
              "status": "passed"
            },
            "line": 11,
            "name": "I click on register link",
            "match": {
              "location": "resources.StepDefinitions.RegistrationSteps.i_click_on_register_link()"
            },
            "keyword": "When "
          },
          {
            "result": {
              "duration": 443405800,
              "status": "passed"
            },
            "line": 12,
            "name": "I enter my Tau , New Tester and taunewtester ,password",
            "match": {
              "arguments": [
                {
                  "val": "Tau",
                  "offset": 11
                },
                {
                  "val": "New Tester",
                  "offset": 17
                },
                {
                  "val": "taunewtester",
                  "offset": 32
                },
                {
                  "val": "password",
                  "offset": 46
                }
              ],
              "location": "resources.StepDefinitions.RegistrationSteps.i_enter_my(java.lang.String,java.lang.String,java.lang.String,java.lang.String)"
            },
            "keyword": "Then "
          },
          {
            "result": {
              "duration": 360817200,
              "status": "passed"
            },
            "line": 13,
            "name": "I enter my street, city, state, zipcode and security security number",
            "match": {
              "location": "resources.StepDefinitions.RegistrationSteps.i_enter_my_street_city_state_and_zipcode(io.cucumber.datatable.DataTable)"
            },
            "rows": [
              {
                "cells": [
                  "Putney High Road",
                  "Putney",
                  "London",
                  "135647",
                  "2454748484"
                ]
              }
            ],
            "keyword": "And "
          },
          {
            "result": {
              "duration": 407173600,
              "status": "passed"
            },
            "line": 15,
            "name": "I click on register button",
            "match": {
              "location": "resources.StepDefinitions.RegistrationSteps.i_click_on_register_button()"
            },
            "keyword": "And "
          },
          {
            "result": {
              "error_message": "org.openqa.selenium.NoSuchElementException: no such element: Unable to locate element: {\"method\":\"link text\",\"selector\":\"Log Out\"}\n  (Session info: chrome\u003d87.0.4280.141)\nFor documentation on this error, please visit: https://www.seleniumhq.org/exceptions/no_such_element.html\nBuild info: version: \u00273.141.59\u0027, revision: \u0027e82be7d358\u0027, time: \u00272018-11-14T08:17:03\u0027\nSystem info: host: \u0027DESKTOP-TBSD3T7\u0027, ip: \u0027192.168.0.16\u0027, os.name: \u0027Windows 10\u0027, os.arch: \u0027amd64\u0027, os.version: \u002710.0\u0027, java.version: \u002712.0.1\u0027\nDriver info: org.openqa.selenium.chrome.ChromeDriver\nCapabilities {acceptInsecureCerts: false, browserName: chrome, browserVersion: 87.0.4280.141, chrome: {chromedriverVersion: 87.0.4280.88 (89e2380a3e36c..., userDataDir: C:\\Users\\KEVINO~1\\AppData\\L...}, goog:chromeOptions: {debuggerAddress: localhost:52578}, javascriptEnabled: true, networkConnectionEnabled: false, pageLoadStrategy: normal, platform: WINDOWS, platformName: WINDOWS, proxy: Proxy(), setWindowRect: true, strictFileInteractability: false, timeouts: {implicit: 0, pageLoad: 300000, script: 30000}, unhandledPromptBehavior: dismiss and notify, webauthn:virtualAuthenticators: true}\nSession ID: 639bee464cf11007102891f4bf5b55a2\n*** Element info: {Using\u003dlink text, value\u003dLog Out}\r\n\tat java.base/jdk.internal.reflect.NativeConstructorAccessorImpl.newInstance0(Native Method)\r\n\tat java.base/jdk.internal.reflect.NativeConstructorAccessorImpl.newInstance(NativeConstructorAccessorImpl.java:62)\r\n\tat java.base/jdk.internal.reflect.DelegatingConstructorAccessorImpl.newInstance(DelegatingConstructorAccessorImpl.java:45)\r\n\tat java.base/java.lang.reflect.Constructor.newInstanceWithCaller(Constructor.java:500)\r\n\tat java.base/java.lang.reflect.Constructor.newInstance(Constructor.java:481)\r\n\tat org.openqa.selenium.remote.http.W3CHttpResponseCodec.createException(W3CHttpResponseCodec.java:187)\r\n\tat org.openqa.selenium.remote.http.W3CHttpResponseCodec.decode(W3CHttpResponseCodec.java:122)\r\n\tat org.openqa.selenium.remote.http.W3CHttpResponseCodec.decode(W3CHttpResponseCodec.java:49)\r\n\tat org.openqa.selenium.remote.HttpCommandExecutor.execute(HttpCommandExecutor.java:158)\r\n\tat org.openqa.selenium.remote.service.DriverCommandExecutor.execute(DriverCommandExecutor.java:83)\r\n\tat org.openqa.selenium.remote.RemoteWebDriver.execute(RemoteWebDriver.java:552)\r\n\tat org.openqa.selenium.remote.RemoteWebDriver.findElement(RemoteWebDriver.java:323)\r\n\tat org.openqa.selenium.remote.RemoteWebDriver.findElementByLinkText(RemoteWebDriver.java:380)\r\n\tat org.openqa.selenium.By$ByLinkText.findElement(By.java:220)\r\n\tat org.openqa.selenium.remote.RemoteWebDriver.findElement(RemoteWebDriver.java:315)\r\n\tat org.openqa.selenium.support.pagefactory.DefaultElementLocator.findElement(DefaultElementLocator.java:69)\r\n\tat org.openqa.selenium.support.pagefactory.internal.LocatingElementHandler.invoke(LocatingElementHandler.java:38)\r\n\tat com.sun.proxy.$Proxy20.click(Unknown Source)\r\n\tat PageObjects.RegistrationPage.loginOut(RegistrationPage.java:104)\r\n\tat resources.StepDefinitions.RegistrationSteps.i_should_be_logged_in(RegistrationSteps.java:80)\r\n\tat ✽.I should be logged in(file:///C:/Users/kevinogaga/gitHub/E2EBankingApplicationBDDTest/src/test/java/resources/feature/File1/Registration.feature:16)\r\n",
              "duration": 30149885200,
              "status": "failed"
            },
            "line": 16,
            "name": "I should be logged in",
            "match": {
              "location": "resources.StepDefinitions.RegistrationSteps.i_should_be_logged_in()"
            },
            "keyword": "Then "
          }
        ],
        "tags": [
          {
            "name": "@Test1"
          }
        ]
      }
    ],
    "name": "Customer Registration",
    "description": "  In order to do internet banking\n  As a new Para Bank customer\n  I want to register for internet banking",
    "id": "customer-registration",
    "keyword": "Feature",
    "uri": "file:src/test/java/resources/feature/File1/Registration.feature",
    "tags": []
  },
  {
    "line": 1,
    "elements": [
      {
        "start_timestamp": "2021-01-25T19:50:25.808Z",
        "before": [
          {
            "result": {
              "duration": 9922499700,
              "status": "passed"
            },
            "match": {
              "location": "resources.StepDefinitions.LoginSteps.initialiseWebdriver()"
            }
          }
        ],
        "line": 18,
        "name": "Login Successful",
        "description": "",
        "id": "login-functionality;login-successful;;2",
        "after": [
          {
            "result": {
              "duration": 188496500,
              "status": "passed"
            },
            "match": {
              "location": "resources.StepDefinitions.LoginSteps.tearDown()"
            }
          }
        ],
        "type": "scenario",
        "keyword": "Scenario Outline",
        "steps": [
          {
            "result": {
              "duration": 1995100,
              "status": "passed"
            },
            "line": 10,
            "name": "I am in the login page of the para bank web application",
            "match": {
              "location": "resources.StepDefinitions.LoginSteps.i_am_in_the_login_page_of_the_para_bank_web_application()"
            },
            "keyword": "Given "
          },
          {
            "result": {
              "duration": 113696900,
              "status": "passed"
            },
            "line": 11,
            "name": "I enter a valid autotester and password with Welcome Auto Tester",
            "match": {
              "arguments": [
                {
                  "val": "autotester",
                  "offset": 16
                },
                {
                  "val": "password",
                  "offset": 31
                },
                {
                  "val": "Welcome Auto Tester",
                  "offset": 45
                }
              ],
              "location": "resources.StepDefinitions.LoginSteps.i_enter_a_valid_username_and_password(java.lang.String,java.lang.String,java.lang.String)"
            },
            "keyword": "When "
          },
          {
            "result": {
              "duration": 1770099300,
              "status": "passed"
            },
            "line": 12,
            "name": "I click Log in",
            "match": {
              "location": "resources.StepDefinitions.LoginSteps.i_click_log_in()"
            },
            "keyword": "When "
          },
          {
            "result": {
              "error_message": "org.openqa.selenium.NoSuchElementException: no such element: Unable to locate element: {\"method\":\"css selector\",\"selector\":\".smallText\"}\n  (Session info: chrome\u003d87.0.4280.141)\nFor documentation on this error, please visit: https://www.seleniumhq.org/exceptions/no_such_element.html\nBuild info: version: \u00273.141.59\u0027, revision: \u0027e82be7d358\u0027, time: \u00272018-11-14T08:17:03\u0027\nSystem info: host: \u0027DESKTOP-TBSD3T7\u0027, ip: \u0027192.168.0.16\u0027, os.name: \u0027Windows 10\u0027, os.arch: \u0027amd64\u0027, os.version: \u002710.0\u0027, java.version: \u002712.0.1\u0027\nDriver info: org.openqa.selenium.chrome.ChromeDriver\nCapabilities {acceptInsecureCerts: false, browserName: chrome, browserVersion: 87.0.4280.141, chrome: {chromedriverVersion: 87.0.4280.88 (89e2380a3e36c..., userDataDir: C:\\Users\\KEVINO~1\\AppData\\L...}, goog:chromeOptions: {debuggerAddress: localhost:52825}, javascriptEnabled: true, networkConnectionEnabled: false, pageLoadStrategy: normal, platform: WINDOWS, platformName: WINDOWS, proxy: Proxy(), setWindowRect: true, strictFileInteractability: false, timeouts: {implicit: 0, pageLoad: 300000, script: 30000}, unhandledPromptBehavior: dismiss and notify, webauthn:virtualAuthenticators: true}\nSession ID: 339ea7df23e2ded551142e93fa0277d1\n*** Element info: {Using\u003dcss selector, value\u003d.smallText}\r\n\tat java.base/jdk.internal.reflect.NativeConstructorAccessorImpl.newInstance0(Native Method)\r\n\tat java.base/jdk.internal.reflect.NativeConstructorAccessorImpl.newInstance(NativeConstructorAccessorImpl.java:62)\r\n\tat java.base/jdk.internal.reflect.DelegatingConstructorAccessorImpl.newInstance(DelegatingConstructorAccessorImpl.java:45)\r\n\tat java.base/java.lang.reflect.Constructor.newInstanceWithCaller(Constructor.java:500)\r\n\tat java.base/java.lang.reflect.Constructor.newInstance(Constructor.java:481)\r\n\tat org.openqa.selenium.remote.http.W3CHttpResponseCodec.createException(W3CHttpResponseCodec.java:187)\r\n\tat org.openqa.selenium.remote.http.W3CHttpResponseCodec.decode(W3CHttpResponseCodec.java:122)\r\n\tat org.openqa.selenium.remote.http.W3CHttpResponseCodec.decode(W3CHttpResponseCodec.java:49)\r\n\tat org.openqa.selenium.remote.HttpCommandExecutor.execute(HttpCommandExecutor.java:158)\r\n\tat org.openqa.selenium.remote.service.DriverCommandExecutor.execute(DriverCommandExecutor.java:83)\r\n\tat org.openqa.selenium.remote.RemoteWebDriver.execute(RemoteWebDriver.java:552)\r\n\tat org.openqa.selenium.remote.RemoteWebDriver.findElement(RemoteWebDriver.java:323)\r\n\tat org.openqa.selenium.remote.RemoteWebDriver.findElementByCssSelector(RemoteWebDriver.java:420)\r\n\tat org.openqa.selenium.By$ByCssSelector.findElement(By.java:431)\r\n\tat org.openqa.selenium.remote.RemoteWebDriver.findElement(RemoteWebDriver.java:315)\r\n\tat org.openqa.selenium.support.pagefactory.DefaultElementLocator.findElement(DefaultElementLocator.java:69)\r\n\tat org.openqa.selenium.support.pagefactory.internal.LocatingElementHandler.invoke(LocatingElementHandler.java:38)\r\n\tat com.sun.proxy.$Proxy20.getText(Unknown Source)\r\n\tat PageObjects.LoginPage.getTheUserFullName(LoginPage.java:63)\r\n\tat resources.StepDefinitions.LoginSteps.i_should_be_taken_to_the_overview_page(LoginSteps.java:63)\r\n\tat ✽.I should be taken to the Overview page(file:///C:/Users/kevinogaga/gitHub/E2EBankingApplicationBDDTest/src/test/java/resources/feature/File2/Login.feature:13)\r\n",
              "duration": 30126378500,
              "status": "failed"
            },
            "line": 13,
            "name": "I should be taken to the Overview page",
            "match": {
              "location": "resources.StepDefinitions.LoginSteps.i_should_be_taken_to_the_overview_page()"
            },
            "keyword": "And "
          }
        ],
        "tags": [
          {
            "name": "@Test2"
          }
        ]
      },
      {
        "start_timestamp": "2021-01-25T19:51:07.949Z",
        "before": [
          {
            "result": {
              "duration": 9423838600,
              "status": "passed"
            },
            "match": {
              "location": "resources.StepDefinitions.LoginSteps.initialiseWebdriver()"
            }
          }
        ],
        "line": 19,
        "name": "Login Successful",
        "description": "",
        "id": "login-functionality;login-successful;;3",
        "after": [
          {
            "result": {
              "duration": 121186400,
              "status": "passed"
            },
            "match": {
              "location": "resources.StepDefinitions.LoginSteps.tearDown()"
            }
          }
        ],
        "type": "scenario",
        "keyword": "Scenario Outline",
        "steps": [
          {
            "result": {
              "duration": 997400,
              "status": "passed"
            },
            "line": 10,
            "name": "I am in the login page of the para bank web application",
            "match": {
              "location": "resources.StepDefinitions.LoginSteps.i_am_in_the_login_page_of_the_para_bank_web_application()"
            },
            "keyword": "Given "
          },
          {
            "result": {
              "duration": 240357700,
              "status": "passed"
            },
            "line": 11,
            "name": "I enter a valid autotester2 and password2 with Welcome Auto Tester 2",
            "match": {
              "arguments": [
                {
                  "val": "autotester2",
                  "offset": 16
                },
                {
                  "val": "password2",
                  "offset": 32
                },
                {
                  "val": "Welcome Auto Tester 2",
                  "offset": 47
                }
              ],
              "location": "resources.StepDefinitions.LoginSteps.i_enter_a_valid_username_and_password(java.lang.String,java.lang.String,java.lang.String)"
            },
            "keyword": "When "
          },
          {
            "result": {
              "duration": 1300542100,
              "status": "passed"
            },
            "line": 12,
            "name": "I click Log in",
            "match": {
              "location": "resources.StepDefinitions.LoginSteps.i_click_log_in()"
            },
            "keyword": "When "
          },
          {
            "result": {
              "error_message": "org.openqa.selenium.NoSuchElementException: no such element: Unable to locate element: {\"method\":\"css selector\",\"selector\":\".smallText\"}\n  (Session info: chrome\u003d87.0.4280.141)\nFor documentation on this error, please visit: https://www.seleniumhq.org/exceptions/no_such_element.html\nBuild info: version: \u00273.141.59\u0027, revision: \u0027e82be7d358\u0027, time: \u00272018-11-14T08:17:03\u0027\nSystem info: host: \u0027DESKTOP-TBSD3T7\u0027, ip: \u0027192.168.0.16\u0027, os.name: \u0027Windows 10\u0027, os.arch: \u0027amd64\u0027, os.version: \u002710.0\u0027, java.version: \u002712.0.1\u0027\nDriver info: org.openqa.selenium.chrome.ChromeDriver\nCapabilities {acceptInsecureCerts: false, browserName: chrome, browserVersion: 87.0.4280.141, chrome: {chromedriverVersion: 87.0.4280.88 (89e2380a3e36c..., userDataDir: C:\\Users\\KEVINO~1\\AppData\\L...}, goog:chromeOptions: {debuggerAddress: localhost:53036}, javascriptEnabled: true, networkConnectionEnabled: false, pageLoadStrategy: normal, platform: WINDOWS, platformName: WINDOWS, proxy: Proxy(), setWindowRect: true, strictFileInteractability: false, timeouts: {implicit: 0, pageLoad: 300000, script: 30000}, unhandledPromptBehavior: dismiss and notify, webauthn:virtualAuthenticators: true}\nSession ID: fbac48562e458d62a011808259fc7ed0\n*** Element info: {Using\u003dcss selector, value\u003d.smallText}\r\n\tat java.base/jdk.internal.reflect.NativeConstructorAccessorImpl.newInstance0(Native Method)\r\n\tat java.base/jdk.internal.reflect.NativeConstructorAccessorImpl.newInstance(NativeConstructorAccessorImpl.java:62)\r\n\tat java.base/jdk.internal.reflect.DelegatingConstructorAccessorImpl.newInstance(DelegatingConstructorAccessorImpl.java:45)\r\n\tat java.base/java.lang.reflect.Constructor.newInstanceWithCaller(Constructor.java:500)\r\n\tat java.base/java.lang.reflect.Constructor.newInstance(Constructor.java:481)\r\n\tat org.openqa.selenium.remote.http.W3CHttpResponseCodec.createException(W3CHttpResponseCodec.java:187)\r\n\tat org.openqa.selenium.remote.http.W3CHttpResponseCodec.decode(W3CHttpResponseCodec.java:122)\r\n\tat org.openqa.selenium.remote.http.W3CHttpResponseCodec.decode(W3CHttpResponseCodec.java:49)\r\n\tat org.openqa.selenium.remote.HttpCommandExecutor.execute(HttpCommandExecutor.java:158)\r\n\tat org.openqa.selenium.remote.service.DriverCommandExecutor.execute(DriverCommandExecutor.java:83)\r\n\tat org.openqa.selenium.remote.RemoteWebDriver.execute(RemoteWebDriver.java:552)\r\n\tat org.openqa.selenium.remote.RemoteWebDriver.findElement(RemoteWebDriver.java:323)\r\n\tat org.openqa.selenium.remote.RemoteWebDriver.findElementByCssSelector(RemoteWebDriver.java:420)\r\n\tat org.openqa.selenium.By$ByCssSelector.findElement(By.java:431)\r\n\tat org.openqa.selenium.remote.RemoteWebDriver.findElement(RemoteWebDriver.java:315)\r\n\tat org.openqa.selenium.support.pagefactory.DefaultElementLocator.findElement(DefaultElementLocator.java:69)\r\n\tat org.openqa.selenium.support.pagefactory.internal.LocatingElementHandler.invoke(LocatingElementHandler.java:38)\r\n\tat com.sun.proxy.$Proxy20.getText(Unknown Source)\r\n\tat PageObjects.LoginPage.getTheUserFullName(LoginPage.java:63)\r\n\tat resources.StepDefinitions.LoginSteps.i_should_be_taken_to_the_overview_page(LoginSteps.java:63)\r\n\tat ✽.I should be taken to the Overview page(file:///C:/Users/kevinogaga/gitHub/E2EBankingApplicationBDDTest/src/test/java/resources/feature/File2/Login.feature:13)\r\n",
              "duration": 30121677000,
              "status": "failed"
            },
            "line": 13,
            "name": "I should be taken to the Overview page",
            "match": {
              "location": "resources.StepDefinitions.LoginSteps.i_should_be_taken_to_the_overview_page()"
            },
            "keyword": "And "
          }
        ],
        "tags": [
          {
            "name": "@Test2"
          }
        ]
      },
      {
        "start_timestamp": "2021-01-25T19:51:49.168Z",
        "before": [
          {
            "result": {
              "duration": 9781063600,
              "status": "passed"
            },
            "match": {
              "location": "resources.StepDefinitions.LoginSteps.initialiseWebdriver()"
            }
          }
        ],
        "line": 20,
        "name": "Login Successful",
        "description": "",
        "id": "login-functionality;login-successful;;4",
        "after": [
          {
            "result": {
              "duration": 193988800,
              "status": "passed"
            },
            "match": {
              "location": "resources.StepDefinitions.LoginSteps.tearDown()"
            }
          }
        ],
        "type": "scenario",
        "keyword": "Scenario Outline",
        "steps": [
          {
            "result": {
              "duration": 997400,
              "status": "passed"
            },
            "line": 10,
            "name": "I am in the login page of the para bank web application",
            "match": {
              "location": "resources.StepDefinitions.LoginSteps.i_am_in_the_login_page_of_the_para_bank_web_application()"
            },
            "keyword": "Given "
          },
          {
            "result": {
              "duration": 230384100,
              "status": "passed"
            },
            "line": 11,
            "name": "I enter a valid taunewtester and password with Welcome Tau New Tester",
            "match": {
              "arguments": [
                {
                  "val": "taunewtester",
                  "offset": 16
                },
                {
                  "val": "password",
                  "offset": 33
                },
                {
                  "val": "Welcome Tau New Tester",
                  "offset": 47
                }
              ],
              "location": "resources.StepDefinitions.LoginSteps.i_enter_a_valid_username_and_password(java.lang.String,java.lang.String,java.lang.String)"
            },
            "keyword": "When "
          },
          {
            "result": {
              "duration": 640282800,
              "status": "passed"
            },
            "line": 12,
            "name": "I click Log in",
            "match": {
              "location": "resources.StepDefinitions.LoginSteps.i_click_log_in()"
            },
            "keyword": "When "
          },
          {
            "result": {
              "error_message": "org.openqa.selenium.NoSuchElementException: no such element: Unable to locate element: {\"method\":\"css selector\",\"selector\":\".smallText\"}\n  (Session info: chrome\u003d87.0.4280.141)\nFor documentation on this error, please visit: https://www.seleniumhq.org/exceptions/no_such_element.html\nBuild info: version: \u00273.141.59\u0027, revision: \u0027e82be7d358\u0027, time: \u00272018-11-14T08:17:03\u0027\nSystem info: host: \u0027DESKTOP-TBSD3T7\u0027, ip: \u0027192.168.0.16\u0027, os.name: \u0027Windows 10\u0027, os.arch: \u0027amd64\u0027, os.version: \u002710.0\u0027, java.version: \u002712.0.1\u0027\nDriver info: org.openqa.selenium.chrome.ChromeDriver\nCapabilities {acceptInsecureCerts: false, browserName: chrome, browserVersion: 87.0.4280.141, chrome: {chromedriverVersion: 87.0.4280.88 (89e2380a3e36c..., userDataDir: C:\\Users\\KEVINO~1\\AppData\\L...}, goog:chromeOptions: {debuggerAddress: localhost:53263}, javascriptEnabled: true, networkConnectionEnabled: false, pageLoadStrategy: normal, platform: WINDOWS, platformName: WINDOWS, proxy: Proxy(), setWindowRect: true, strictFileInteractability: false, timeouts: {implicit: 0, pageLoad: 300000, script: 30000}, unhandledPromptBehavior: dismiss and notify, webauthn:virtualAuthenticators: true}\nSession ID: 686cf48c36be604ae6cb386afa05e210\n*** Element info: {Using\u003dcss selector, value\u003d.smallText}\r\n\tat java.base/jdk.internal.reflect.NativeConstructorAccessorImpl.newInstance0(Native Method)\r\n\tat java.base/jdk.internal.reflect.NativeConstructorAccessorImpl.newInstance(NativeConstructorAccessorImpl.java:62)\r\n\tat java.base/jdk.internal.reflect.DelegatingConstructorAccessorImpl.newInstance(DelegatingConstructorAccessorImpl.java:45)\r\n\tat java.base/java.lang.reflect.Constructor.newInstanceWithCaller(Constructor.java:500)\r\n\tat java.base/java.lang.reflect.Constructor.newInstance(Constructor.java:481)\r\n\tat org.openqa.selenium.remote.http.W3CHttpResponseCodec.createException(W3CHttpResponseCodec.java:187)\r\n\tat org.openqa.selenium.remote.http.W3CHttpResponseCodec.decode(W3CHttpResponseCodec.java:122)\r\n\tat org.openqa.selenium.remote.http.W3CHttpResponseCodec.decode(W3CHttpResponseCodec.java:49)\r\n\tat org.openqa.selenium.remote.HttpCommandExecutor.execute(HttpCommandExecutor.java:158)\r\n\tat org.openqa.selenium.remote.service.DriverCommandExecutor.execute(DriverCommandExecutor.java:83)\r\n\tat org.openqa.selenium.remote.RemoteWebDriver.execute(RemoteWebDriver.java:552)\r\n\tat org.openqa.selenium.remote.RemoteWebDriver.findElement(RemoteWebDriver.java:323)\r\n\tat org.openqa.selenium.remote.RemoteWebDriver.findElementByCssSelector(RemoteWebDriver.java:420)\r\n\tat org.openqa.selenium.By$ByCssSelector.findElement(By.java:431)\r\n\tat org.openqa.selenium.remote.RemoteWebDriver.findElement(RemoteWebDriver.java:315)\r\n\tat org.openqa.selenium.support.pagefactory.DefaultElementLocator.findElement(DefaultElementLocator.java:69)\r\n\tat org.openqa.selenium.support.pagefactory.internal.LocatingElementHandler.invoke(LocatingElementHandler.java:38)\r\n\tat com.sun.proxy.$Proxy20.getText(Unknown Source)\r\n\tat PageObjects.LoginPage.getTheUserFullName(LoginPage.java:63)\r\n\tat resources.StepDefinitions.LoginSteps.i_should_be_taken_to_the_overview_page(LoginSteps.java:63)\r\n\tat ✽.I should be taken to the Overview page(file:///C:/Users/kevinogaga/gitHub/E2EBankingApplicationBDDTest/src/test/java/resources/feature/File2/Login.feature:13)\r\n",
              "duration": 30108274300,
              "status": "failed"
            },
            "line": 13,
            "name": "I should be taken to the Overview page",
            "match": {
              "location": "resources.StepDefinitions.LoginSteps.i_should_be_taken_to_the_overview_page()"
            },
            "keyword": "And "
          }
        ],
        "tags": [
          {
            "name": "@Test2"
          }
        ]
      }
    ],
    "name": "Login Functionality",
    "description": "  In order to do internet banking\n  As a valid Para Bank customer\n  I want to log in successfully",
    "id": "login-functionality",
    "keyword": "Feature",
    "uri": "file:src/test/java/resources/feature/File2/Login.feature",
    "tags": []
  },
  {
    "line": 1,
    "elements": [
      {
        "start_timestamp": "2021-01-25T19:52:30.136Z",
        "before": [
          {
            "result": {
              "duration": 11223669700,
              "status": "passed"
            },
            "match": {
              "location": "resources.StepDefinitions.RequestLoanSteps.initialiseWebdriver()"
            }
          }
        ],
        "line": 23,
        "name": "Request a Loan Successfully",
        "description": "",
        "id": "request-loan-functionality;request-a-loan-successfully;;2",
        "after": [
          {
            "result": {
              "duration": 216462200,
              "status": "passed"
            },
            "match": {
              "location": "resources.StepDefinitions.RequestLoanSteps.tearDown()"
            }
          }
        ],
        "type": "scenario",
        "keyword": "Scenario Outline",
        "steps": [
          {
            "result": {
              "duration": 837343500,
              "status": "passed"
            },
            "line": 12,
            "name": "I am am logged into para bank with a valid autotester and password",
            "match": {
              "arguments": [
                {
                  "val": "autotester",
                  "offset": 43
                },
                {
                  "val": "password",
                  "offset": 58
                }
              ],
              "location": "resources.StepDefinitions.RequestLoanSteps.i_am_am_logged_into_para_bank_with_a_valid_and(java.lang.String,java.lang.String)"
            },
            "keyword": "Given "
          },
          {
            "result": {
              "error_message": "org.openqa.selenium.NoSuchElementException: no such element: Unable to locate element: {\"method\":\"link text\",\"selector\":\"Request Loan\"}\n  (Session info: chrome\u003d87.0.4280.141)\nFor documentation on this error, please visit: https://www.seleniumhq.org/exceptions/no_such_element.html\nBuild info: version: \u00273.141.59\u0027, revision: \u0027e82be7d358\u0027, time: \u00272018-11-14T08:17:03\u0027\nSystem info: host: \u0027DESKTOP-TBSD3T7\u0027, ip: \u0027192.168.0.16\u0027, os.name: \u0027Windows 10\u0027, os.arch: \u0027amd64\u0027, os.version: \u002710.0\u0027, java.version: \u002712.0.1\u0027\nDriver info: org.openqa.selenium.chrome.ChromeDriver\nCapabilities {acceptInsecureCerts: false, browserName: chrome, browserVersion: 87.0.4280.141, chrome: {chromedriverVersion: 87.0.4280.88 (89e2380a3e36c..., userDataDir: C:\\Users\\KEVINO~1\\AppData\\L...}, goog:chromeOptions: {debuggerAddress: localhost:53498}, javascriptEnabled: true, networkConnectionEnabled: false, pageLoadStrategy: normal, platform: WINDOWS, platformName: WINDOWS, proxy: Proxy(), setWindowRect: true, strictFileInteractability: false, timeouts: {implicit: 0, pageLoad: 300000, script: 30000}, unhandledPromptBehavior: dismiss and notify, webauthn:virtualAuthenticators: true}\nSession ID: 985f35a8d3c4f1017dfe0d7053494e7c\n*** Element info: {Using\u003dlink text, value\u003dRequest Loan}\r\n\tat java.base/jdk.internal.reflect.NativeConstructorAccessorImpl.newInstance0(Native Method)\r\n\tat java.base/jdk.internal.reflect.NativeConstructorAccessorImpl.newInstance(NativeConstructorAccessorImpl.java:62)\r\n\tat java.base/jdk.internal.reflect.DelegatingConstructorAccessorImpl.newInstance(DelegatingConstructorAccessorImpl.java:45)\r\n\tat java.base/java.lang.reflect.Constructor.newInstanceWithCaller(Constructor.java:500)\r\n\tat java.base/java.lang.reflect.Constructor.newInstance(Constructor.java:481)\r\n\tat org.openqa.selenium.remote.http.W3CHttpResponseCodec.createException(W3CHttpResponseCodec.java:187)\r\n\tat org.openqa.selenium.remote.http.W3CHttpResponseCodec.decode(W3CHttpResponseCodec.java:122)\r\n\tat org.openqa.selenium.remote.http.W3CHttpResponseCodec.decode(W3CHttpResponseCodec.java:49)\r\n\tat org.openqa.selenium.remote.HttpCommandExecutor.execute(HttpCommandExecutor.java:158)\r\n\tat org.openqa.selenium.remote.service.DriverCommandExecutor.execute(DriverCommandExecutor.java:83)\r\n\tat org.openqa.selenium.remote.RemoteWebDriver.execute(RemoteWebDriver.java:552)\r\n\tat org.openqa.selenium.remote.RemoteWebDriver.findElement(RemoteWebDriver.java:323)\r\n\tat org.openqa.selenium.remote.RemoteWebDriver.findElementByLinkText(RemoteWebDriver.java:380)\r\n\tat org.openqa.selenium.By$ByLinkText.findElement(By.java:220)\r\n\tat org.openqa.selenium.remote.RemoteWebDriver.findElement(RemoteWebDriver.java:315)\r\n\tat org.openqa.selenium.support.pagefactory.DefaultElementLocator.findElement(DefaultElementLocator.java:69)\r\n\tat org.openqa.selenium.support.pagefactory.internal.LocatingElementHandler.invoke(LocatingElementHandler.java:38)\r\n\tat com.sun.proxy.$Proxy20.click(Unknown Source)\r\n\tat PageObjects.RequestLoanPage.getRequestLoanPage(RequestLoanPage.java:37)\r\n\tat resources.StepDefinitions.RequestLoanSteps.i_click_on_request_loan_link(RequestLoanSteps.java:50)\r\n\tat ✽.I click on request loan link(file:///C:/Users/kevinogaga/gitHub/E2EBankingApplicationBDDTest/src/test/java/resources/feature/File3/RequestLoan.feature:13)\r\n",
              "duration": 30055973600,
              "status": "failed"
            },
            "line": 13,
            "name": "I click on request loan link",
            "match": {
              "location": "resources.StepDefinitions.RequestLoanSteps.i_click_on_request_loan_link()"
            },
            "keyword": "When "
          },
          {
            "result": {
              "status": "skipped"
            },
            "line": 14,
            "name": "I am taken to Apply for a Loan page",
            "match": {
              "location": "resources.StepDefinitions.RequestLoanSteps.i_am_taken_to_apply_for_a_loan_page()"
            },
            "keyword": "Then "
          },
          {
            "result": {
              "status": "skipped"
            },
            "line": 15,
            "name": "I enter loan details",
            "match": {
              "location": "resources.StepDefinitions.RequestLoanSteps.i_enter_loan_details(io.cucumber.datatable.DataTable)"
            },
            "rows": [
              {
                "cells": [
                  "1000",
                  "500"
                ]
              }
            ],
            "keyword": "And "
          },
          {
            "result": {
              "duration": 998200,
              "status": "skipped"
            },
            "line": 17,
            "name": "I click on apply now",
            "match": {
              "location": "resources.StepDefinitions.RequestLoanSteps.i_click_on_apply_now()"
            },
            "keyword": "And "
          },
          {
            "result": {
              "status": "skipped"
            },
            "line": 18,
            "name": "i should now be taken to loan confirmation screen",
            "match": {
              "location": "resources.StepDefinitions.RequestLoanSteps.i_should_now_be_take_to_loan_confirmation_screen()"
            },
            "keyword": "And "
          }
        ],
        "tags": [
          {
            "name": "@Test3"
          }
        ]
      },
      {
        "start_timestamp": "2021-01-25T19:53:12.486Z",
        "before": [
          {
            "result": {
              "duration": 12547892200,
              "status": "passed"
            },
            "match": {
              "location": "resources.StepDefinitions.RequestLoanSteps.initialiseWebdriver()"
            }
          }
        ],
        "line": 24,
        "name": "Request a Loan Successfully",
        "description": "",
        "id": "request-loan-functionality;request-a-loan-successfully;;3",
        "after": [
          {
            "result": {
              "duration": 132642600,
              "status": "passed"
            },
            "match": {
              "location": "resources.StepDefinitions.RequestLoanSteps.tearDown()"
            }
          }
        ],
        "type": "scenario",
        "keyword": "Scenario Outline",
        "steps": [
          {
            "result": {
              "duration": 34638146400,
              "status": "passed"
            },
            "line": 12,
            "name": "I am am logged into para bank with a valid autotester2 and password2",
            "match": {
              "arguments": [
                {
                  "val": "autotester2",
                  "offset": 43
                },
                {
                  "val": "password2",
                  "offset": 59
                }
              ],
              "location": "resources.StepDefinitions.RequestLoanSteps.i_am_am_logged_into_para_bank_with_a_valid_and(java.lang.String,java.lang.String)"
            },
            "keyword": "Given "
          },
          {
            "result": {
              "error_message": "org.openqa.selenium.NoSuchElementException: no such element: Unable to locate element: {\"method\":\"link text\",\"selector\":\"Request Loan\"}\n  (Session info: chrome\u003d87.0.4280.141)\nFor documentation on this error, please visit: https://www.seleniumhq.org/exceptions/no_such_element.html\nBuild info: version: \u00273.141.59\u0027, revision: \u0027e82be7d358\u0027, time: \u00272018-11-14T08:17:03\u0027\nSystem info: host: \u0027DESKTOP-TBSD3T7\u0027, ip: \u0027192.168.0.16\u0027, os.name: \u0027Windows 10\u0027, os.arch: \u0027amd64\u0027, os.version: \u002710.0\u0027, java.version: \u002712.0.1\u0027\nDriver info: org.openqa.selenium.chrome.ChromeDriver\nCapabilities {acceptInsecureCerts: false, browserName: chrome, browserVersion: 87.0.4280.141, chrome: {chromedriverVersion: 87.0.4280.88 (89e2380a3e36c..., userDataDir: C:\\Users\\KEVINO~1\\AppData\\L...}, goog:chromeOptions: {debuggerAddress: localhost:53719}, javascriptEnabled: true, networkConnectionEnabled: false, pageLoadStrategy: normal, platform: WINDOWS, platformName: WINDOWS, proxy: Proxy(), setWindowRect: true, strictFileInteractability: false, timeouts: {implicit: 0, pageLoad: 300000, script: 30000}, unhandledPromptBehavior: dismiss and notify, webauthn:virtualAuthenticators: true}\nSession ID: bf625b14654f00b50aaf11fc20b4d88c\n*** Element info: {Using\u003dlink text, value\u003dRequest Loan}\r\n\tat java.base/jdk.internal.reflect.NativeConstructorAccessorImpl.newInstance0(Native Method)\r\n\tat java.base/jdk.internal.reflect.NativeConstructorAccessorImpl.newInstance(NativeConstructorAccessorImpl.java:62)\r\n\tat java.base/jdk.internal.reflect.DelegatingConstructorAccessorImpl.newInstance(DelegatingConstructorAccessorImpl.java:45)\r\n\tat java.base/java.lang.reflect.Constructor.newInstanceWithCaller(Constructor.java:500)\r\n\tat java.base/java.lang.reflect.Constructor.newInstance(Constructor.java:481)\r\n\tat org.openqa.selenium.remote.http.W3CHttpResponseCodec.createException(W3CHttpResponseCodec.java:187)\r\n\tat org.openqa.selenium.remote.http.W3CHttpResponseCodec.decode(W3CHttpResponseCodec.java:122)\r\n\tat org.openqa.selenium.remote.http.W3CHttpResponseCodec.decode(W3CHttpResponseCodec.java:49)\r\n\tat org.openqa.selenium.remote.HttpCommandExecutor.execute(HttpCommandExecutor.java:158)\r\n\tat org.openqa.selenium.remote.service.DriverCommandExecutor.execute(DriverCommandExecutor.java:83)\r\n\tat org.openqa.selenium.remote.RemoteWebDriver.execute(RemoteWebDriver.java:552)\r\n\tat org.openqa.selenium.remote.RemoteWebDriver.findElement(RemoteWebDriver.java:323)\r\n\tat org.openqa.selenium.remote.RemoteWebDriver.findElementByLinkText(RemoteWebDriver.java:380)\r\n\tat org.openqa.selenium.By$ByLinkText.findElement(By.java:220)\r\n\tat org.openqa.selenium.remote.RemoteWebDriver.findElement(RemoteWebDriver.java:315)\r\n\tat org.openqa.selenium.support.pagefactory.DefaultElementLocator.findElement(DefaultElementLocator.java:69)\r\n\tat org.openqa.selenium.support.pagefactory.internal.LocatingElementHandler.invoke(LocatingElementHandler.java:38)\r\n\tat com.sun.proxy.$Proxy20.click(Unknown Source)\r\n\tat PageObjects.RequestLoanPage.getRequestLoanPage(RequestLoanPage.java:37)\r\n\tat resources.StepDefinitions.RequestLoanSteps.i_click_on_request_loan_link(RequestLoanSteps.java:50)\r\n\tat ✽.I click on request loan link(file:///C:/Users/kevinogaga/gitHub/E2EBankingApplicationBDDTest/src/test/java/resources/feature/File3/RequestLoan.feature:13)\r\n",
              "duration": 30060134900,
              "status": "failed"
            },
            "line": 13,
            "name": "I click on request loan link",
            "match": {
              "location": "resources.StepDefinitions.RequestLoanSteps.i_click_on_request_loan_link()"
            },
            "keyword": "When "
          },
          {
            "result": {
              "status": "skipped"
            },
            "line": 14,
            "name": "I am taken to Apply for a Loan page",
            "match": {
              "location": "resources.StepDefinitions.RequestLoanSteps.i_am_taken_to_apply_for_a_loan_page()"
            },
            "keyword": "Then "
          },
          {
            "result": {
              "status": "skipped"
            },
            "line": 15,
            "name": "I enter loan details",
            "match": {
              "location": "resources.StepDefinitions.RequestLoanSteps.i_enter_loan_details(io.cucumber.datatable.DataTable)"
            },
            "rows": [
              {
                "cells": [
                  "1000",
                  "500"
                ]
              }
            ],
            "keyword": "And "
          },
          {
            "result": {
              "status": "skipped"
            },
            "line": 17,
            "name": "I click on apply now",
            "match": {
              "location": "resources.StepDefinitions.RequestLoanSteps.i_click_on_apply_now()"
            },
            "keyword": "And "
          },
          {
            "result": {
              "status": "skipped"
            },
            "line": 18,
            "name": "i should now be taken to loan confirmation screen",
            "match": {
              "location": "resources.StepDefinitions.RequestLoanSteps.i_should_now_be_take_to_loan_confirmation_screen()"
            },
            "keyword": "And "
          }
        ],
        "tags": [
          {
            "name": "@Test3"
          }
        ]
      },
      {
        "start_timestamp": "2021-01-25T19:54:29.881Z",
        "before": [
          {
            "result": {
              "duration": 11428003300,
              "status": "passed"
            },
            "match": {
              "location": "resources.StepDefinitions.RequestLoanSteps.initialiseWebdriver()"
            }
          }
        ],
        "line": 25,
        "name": "Request a Loan Successfully",
        "description": "",
        "id": "request-loan-functionality;request-a-loan-successfully;;4",
        "after": [
          {
            "result": {
              "duration": 193992100,
              "status": "passed"
            },
            "match": {
              "location": "resources.StepDefinitions.RequestLoanSteps.tearDown()"
            }
          }
        ],
        "type": "scenario",
        "keyword": "Scenario Outline",
        "steps": [
          {
            "result": {
              "duration": 2324004900,
              "status": "passed"
            },
            "line": 12,
            "name": "I am am logged into para bank with a valid taunewtester and password",
            "match": {
              "arguments": [
                {
                  "val": "taunewtester",
                  "offset": 43
                },
                {
                  "val": "password",
                  "offset": 60
                }
              ],
              "location": "resources.StepDefinitions.RequestLoanSteps.i_am_am_logged_into_para_bank_with_a_valid_and(java.lang.String,java.lang.String)"
            },
            "keyword": "Given "
          },
          {
            "result": {
              "error_message": "org.openqa.selenium.NoSuchElementException: no such element: Unable to locate element: {\"method\":\"link text\",\"selector\":\"Request Loan\"}\n  (Session info: chrome\u003d87.0.4280.141)\nFor documentation on this error, please visit: https://www.seleniumhq.org/exceptions/no_such_element.html\nBuild info: version: \u00273.141.59\u0027, revision: \u0027e82be7d358\u0027, time: \u00272018-11-14T08:17:03\u0027\nSystem info: host: \u0027DESKTOP-TBSD3T7\u0027, ip: \u0027192.168.0.16\u0027, os.name: \u0027Windows 10\u0027, os.arch: \u0027amd64\u0027, os.version: \u002710.0\u0027, java.version: \u002712.0.1\u0027\nDriver info: org.openqa.selenium.chrome.ChromeDriver\nCapabilities {acceptInsecureCerts: false, browserName: chrome, browserVersion: 87.0.4280.141, chrome: {chromedriverVersion: 87.0.4280.88 (89e2380a3e36c..., userDataDir: C:\\Users\\KEVINO~1\\AppData\\L...}, goog:chromeOptions: {debuggerAddress: localhost:54133}, javascriptEnabled: true, networkConnectionEnabled: false, pageLoadStrategy: normal, platform: WINDOWS, platformName: WINDOWS, proxy: Proxy(), setWindowRect: true, strictFileInteractability: false, timeouts: {implicit: 0, pageLoad: 300000, script: 30000}, unhandledPromptBehavior: dismiss and notify, webauthn:virtualAuthenticators: true}\nSession ID: ca66013dda0f942361da98d1396b4e77\n*** Element info: {Using\u003dlink text, value\u003dRequest Loan}\r\n\tat java.base/jdk.internal.reflect.NativeConstructorAccessorImpl.newInstance0(Native Method)\r\n\tat java.base/jdk.internal.reflect.NativeConstructorAccessorImpl.newInstance(NativeConstructorAccessorImpl.java:62)\r\n\tat java.base/jdk.internal.reflect.DelegatingConstructorAccessorImpl.newInstance(DelegatingConstructorAccessorImpl.java:45)\r\n\tat java.base/java.lang.reflect.Constructor.newInstanceWithCaller(Constructor.java:500)\r\n\tat java.base/java.lang.reflect.Constructor.newInstance(Constructor.java:481)\r\n\tat org.openqa.selenium.remote.http.W3CHttpResponseCodec.createException(W3CHttpResponseCodec.java:187)\r\n\tat org.openqa.selenium.remote.http.W3CHttpResponseCodec.decode(W3CHttpResponseCodec.java:122)\r\n\tat org.openqa.selenium.remote.http.W3CHttpResponseCodec.decode(W3CHttpResponseCodec.java:49)\r\n\tat org.openqa.selenium.remote.HttpCommandExecutor.execute(HttpCommandExecutor.java:158)\r\n\tat org.openqa.selenium.remote.service.DriverCommandExecutor.execute(DriverCommandExecutor.java:83)\r\n\tat org.openqa.selenium.remote.RemoteWebDriver.execute(RemoteWebDriver.java:552)\r\n\tat org.openqa.selenium.remote.RemoteWebDriver.findElement(RemoteWebDriver.java:323)\r\n\tat org.openqa.selenium.remote.RemoteWebDriver.findElementByLinkText(RemoteWebDriver.java:380)\r\n\tat org.openqa.selenium.By$ByLinkText.findElement(By.java:220)\r\n\tat org.openqa.selenium.remote.RemoteWebDriver.findElement(RemoteWebDriver.java:315)\r\n\tat org.openqa.selenium.support.pagefactory.DefaultElementLocator.findElement(DefaultElementLocator.java:69)\r\n\tat org.openqa.selenium.support.pagefactory.internal.LocatingElementHandler.invoke(LocatingElementHandler.java:38)\r\n\tat com.sun.proxy.$Proxy20.click(Unknown Source)\r\n\tat PageObjects.RequestLoanPage.getRequestLoanPage(RequestLoanPage.java:37)\r\n\tat resources.StepDefinitions.RequestLoanSteps.i_click_on_request_loan_link(RequestLoanSteps.java:50)\r\n\tat ✽.I click on request loan link(file:///C:/Users/kevinogaga/gitHub/E2EBankingApplicationBDDTest/src/test/java/resources/feature/File3/RequestLoan.feature:13)\r\n",
              "duration": 30061841700,
              "status": "failed"
            },
            "line": 13,
            "name": "I click on request loan link",
            "match": {
              "location": "resources.StepDefinitions.RequestLoanSteps.i_click_on_request_loan_link()"
            },
            "keyword": "When "
          },
          {
            "result": {
              "status": "skipped"
            },
            "line": 14,
            "name": "I am taken to Apply for a Loan page",
            "match": {
              "location": "resources.StepDefinitions.RequestLoanSteps.i_am_taken_to_apply_for_a_loan_page()"
            },
            "keyword": "Then "
          },
          {
            "result": {
              "status": "skipped"
            },
            "line": 15,
            "name": "I enter loan details",
            "match": {
              "location": "resources.StepDefinitions.RequestLoanSteps.i_enter_loan_details(io.cucumber.datatable.DataTable)"
            },
            "rows": [
              {
                "cells": [
                  "1000",
                  "500"
                ]
              }
            ],
            "keyword": "And "
          },
          {
            "result": {
              "status": "skipped"
            },
            "line": 17,
            "name": "I click on apply now",
            "match": {
              "location": "resources.StepDefinitions.RequestLoanSteps.i_click_on_apply_now()"
            },
            "keyword": "And "
          },
          {
            "result": {
              "status": "skipped"
            },
            "line": 18,
            "name": "i should now be taken to loan confirmation screen",
            "match": {
              "location": "resources.StepDefinitions.RequestLoanSteps.i_should_now_be_take_to_loan_confirmation_screen()"
            },
            "keyword": "And "
          }
        ],
        "tags": [
          {
            "name": "@Test3"
          }
        ]
      }
    ],
    "name": "Request Loan Functionality",
    "description": "  In order to request a Loan\n  As a valid Para Bank customer\n  I want to log in successfully\n  I want to navigate to request loan page\n  I want to request a loan successfully",
    "id": "request-loan-functionality",
    "keyword": "Feature",
    "uri": "file:src/test/java/resources/feature/File3/RequestLoan.feature",
    "tags": []
  }
]